\BOOKMARK [1][-]{section.1}{1 章立て}{}% 1
\BOOKMARK [1][-]{section.2}{2 Lisp × \173マクロ, ユーティリティ, Utility Problem\175}{}% 2
\BOOKMARK [2][-]{subsection.2.1}{2.1 マクロとは広義にはどういう概念か?}{section.2}% 3
\BOOKMARK [2][-]{subsection.2.2}{2.2 様々なマクロ \(おさらい\)}{section.2}% 4
\BOOKMARK [2][-]{subsection.2.3}{2.3 Common Lisp の関数とマクロ}{section.2}% 5
\BOOKMARK [2][-]{subsection.2.4}{2.4 Common Lisp における? ユーティリティ ＃とは}{section.2}% 6
\BOOKMARK [2][-]{subsection.2.5}{2.5 Common Lisp における Utility Problem ＃とは}{section.2}% 7
\BOOKMARK [2][-]{subsection.2.6}{2.6 Common Lisp での Utility Problem との闘いの歴史}{section.2}% 8
\BOOKMARK [1][-]{section.3}{3 }{}% 9
\BOOKMARK [1][-]{section.4}{4 AI Topics -- プランニングへのイントロダクション}{}% 10
\BOOKMARK [2][-]{subsection.4.1}{4.1 誰?}{section.4}% 11
\BOOKMARK [3][-]{subsubsection.4.1.1}{4.1.1 誰?}{subsection.4.1}% 12
\BOOKMARK [3][-]{subsubsection.4.1.2}{4.1.2 誰?}{subsection.4.1}% 13
\BOOKMARK [3][-]{subsubsection.4.1.3}{4.1.3 誰?}{subsection.4.1}% 14
\BOOKMARK [3][-]{subsubsection.4.1.4}{4.1.4 誰?}{subsection.4.1}% 15
\BOOKMARK [3][-]{subsubsection.4.1.5}{4.1.5 誰?}{subsection.4.1}% 16
\BOOKMARK [2][-]{subsection.4.2}{4.2 実際の大規模災害では非実用的 ― 操縦士が足りない!}{section.4}% 17
\BOOKMARK [3][-]{subsubsection.4.2.1}{4.2.1 操縦士を増やせない -- Human Resource and Training}{subsection.4.2}% 18
\BOOKMARK [2][-]{subsection.4.3}{4.3 だからこそ: 自動プランナ Automated Planner}{section.4}% 19
\BOOKMARK [2][-]{subsection.4.4}{4.4 だからこそ: 自動プランナ Automated Planner}{section.4}% 20
\BOOKMARK [2][-]{subsection.4.5}{4.5 だからこそ: 自動プランナ Automated Planner}{section.4}% 21
\BOOKMARK [2][-]{subsection.4.6}{4.6 Q. はやりのDeep Learningとの違いは?}{section.4}% 22
